18 Jul 2011 20:22:36,839 INFO  ~ Starting /Users/goggin/Documents/CS/chatmaster
18 Jul 2011 20:22:36,842 WARN  ~ Declaring modules in application.conf is deprecated. Use dependencies.yml instead (module.secure)
18 Jul 2011 20:22:36,842 INFO  ~ Module secure is available (/Users/goggin/Library/play-1.2.1/modules/secure)
18 Jul 2011 20:22:36,842 WARN  ~ Declaring modules in application.conf is deprecated. Use dependencies.yml instead (module.crud)
18 Jul 2011 20:22:36,843 INFO  ~ Module crud is available (/Users/goggin/Library/play-1.2.1/modules/crud)
18 Jul 2011 20:22:36,843 WARN  ~ Declaring modules in application.conf is deprecated. Use dependencies.yml instead (module.playapps)
18 Jul 2011 20:22:36,843 INFO  ~ Module playapps is available (/Users/goggin/Library/play-1.2.1/modules/playapps-1.4)
18 Jul 2011 20:22:37,464 WARN  ~ You're running Play! in DEV mode
18 Jul 2011 20:22:37,538 INFO  ~ Listening for HTTP on port 9000 (Waiting a first request to start) ...
18 Jul 2011 20:22:41,014 INFO  ~ Connected to jdbc:mysql://localhost/chat_master?useUnicode=yes&characterEncoding=UTF-8&connectionCollation=utf8_general_ci
18 Jul 2011 20:22:43,517 INFO  ~ Application 'strangechat' is now started !
18 Jul 2011 20:22:43,708 INFO  ~ finished bootstrapping development server; ischat = true, ismaster = true
18 Jul 2011 20:22:46,938 ERROR ~ java.lang.IllegalArgumentException: URI is not absolute
18 Jul 2011 20:23:06,025 INFO  ~ finished bootstrapping development server; ischat = true, ismaster = true
18 Jul 2011 20:23:06,043 ERROR ~ 

@675pi50o2
Error during job execution (jobs.CheckPowers)

Execution exception (In /app/jobs/CheckPowers.java around line 30)
ClassCastException occured : models.Server cannot be cast to models.Server

play.exceptions.JavaExecutionException: models.Server cannot be cast to models.Server
	at play.jobs.Job.call(Job.java:166)
	at Invocation.Job(Play!)
Caused by: java.lang.ClassCastException: models.Server cannot be cast to models.Server
	at jobs.CheckPowers.doJob(CheckPowers.java:30)
	at play.jobs.Job.doJobWithResult(Job.java:55)
	at play.jobs.Job.call(Job.java:157)
	... 1 more
18 Jul 2011 20:24:06,466 ERROR ~ java.util.concurrent.ExecutionException: java.util.concurrent.TimeoutException: No response received after 60000
18 Jul 2011 20:25:21,197 ERROR ~ 

@675pi50o3
Error during job execution (jobs.CheckPulses)

Compilation error (In /test/NotificationTests.java around line 154)
The file /test/NotificationTests.java could not be compiled. Error raised is : The method put(String, String) in the type HashMap&lt;String,String> is not applicable for the arguments (String, Long)

play.exceptions.CompilationException: The method put(String, String) in the type HashMap<String,String> is not applicable for the arguments (String, Long)
	at play.classloading.ApplicationCompiler$2.acceptResult(ApplicationCompiler.java:246)
	at org.eclipse.jdt.internal.compiler.Compiler.handleInternalException(Compiler.java:672)
	at org.eclipse.jdt.internal.compiler.Compiler.compile(Compiler.java:516)
	at play.classloading.ApplicationCompiler.compile(ApplicationCompiler.java:278)
	at play.classloading.ApplicationClasses$ApplicationClass.compile(ApplicationClasses.java:249)
	at play.classloading.ApplicationClassloader.detectChanges(ApplicationClassloader.java:304)
	at play.Play.detectChanges(Play.java:560)
	at play.Invoker$Invocation.init(Invoker.java:186)
	at play.jobs.Job.call(Job.java:143)
	at Invocation.Job(Play!)
18 Jul 2011 20:25:21,235 ERROR ~ 

@675pi50o4
Error during job execution (jobs.CheckPowers)

Compilation error (In /test/NotificationTests.java around line 154)
The file /test/NotificationTests.java could not be compiled. Error raised is : The method put(String, String) in the type HashMap&lt;String,String> is not applicable for the arguments (String, Long)

play.exceptions.CompilationException: The method put(String, String) in the type HashMap<String,String> is not applicable for the arguments (String, Long)
	at play.classloading.ApplicationCompiler$2.acceptResult(ApplicationCompiler.java:246)
	at org.eclipse.jdt.internal.compiler.Compiler.handleInternalException(Compiler.java:672)
	at org.eclipse.jdt.internal.compiler.Compiler.compile(Compiler.java:516)
	at play.classloading.ApplicationCompiler.compile(ApplicationCompiler.java:278)
	at play.classloading.ApplicationClasses$ApplicationClass.compile(ApplicationClasses.java:249)
	at play.classloading.ApplicationClassloader.detectChanges(ApplicationClassloader.java:304)
	at play.Play.detectChanges(Play.java:560)
	at play.Invoker$Invocation.init(Invoker.java:186)
	at play.jobs.Job.call(Job.java:143)
	at Invocation.Job(Play!)
18 Jul 2011 20:25:26,226 ERROR ~ 

@675pi50o5
Error during job execution (jobs.CheckPulses)

Compilation error (In /test/NotificationTests.java around line 154)
The file /test/NotificationTests.java could not be compiled. Error raised is : The method put(String, String) in the type HashMap&lt;String,String> is not applicable for the arguments (String, Long)

play.exceptions.CompilationException: The method put(String, String) in the type HashMap<String,String> is not applicable for the arguments (String, Long)
	at play.classloading.ApplicationCompiler$2.acceptResult(ApplicationCompiler.java:246)
	at org.eclipse.jdt.internal.compiler.Compiler.handleInternalException(Compiler.java:672)
	at org.eclipse.jdt.internal.compiler.Compiler.compile(Compiler.java:516)
	at play.classloading.ApplicationCompiler.compile(ApplicationCompiler.java:278)
	at play.classloading.ApplicationClasses$ApplicationClass.compile(ApplicationClasses.java:249)
	at play.classloading.ApplicationClassloader.detectChanges(ApplicationClassloader.java:304)
	at play.Play.detectChanges(Play.java:560)
	at play.Invoker$Invocation.init(Invoker.java:186)
	at play.jobs.Job.call(Job.java:143)
	at Invocation.Job(Play!)
18 Jul 2011 20:25:26,265 ERROR ~ 

@675pi50o6
Error during job execution (jobs.CheckPowers)

Compilation error (In /test/NotificationTests.java around line 154)
The file /test/NotificationTests.java could not be compiled. Error raised is : The method put(String, String) in the type HashMap&lt;String,String> is not applicable for the arguments (String, Long)

play.exceptions.CompilationException: The method put(String, String) in the type HashMap<String,String> is not applicable for the arguments (String, Long)
	at play.classloading.ApplicationCompiler$2.acceptResult(ApplicationCompiler.java:246)
	at org.eclipse.jdt.internal.compiler.Compiler.handleInternalException(Compiler.java:672)
	at org.eclipse.jdt.internal.compiler.Compiler.compile(Compiler.java:516)
	at play.classloading.ApplicationCompiler.compile(ApplicationCompiler.java:278)
	at play.classloading.ApplicationClasses$ApplicationClass.compile(ApplicationClasses.java:249)
	at play.classloading.ApplicationClassloader.detectChanges(ApplicationClassloader.java:304)
	at play.Play.detectChanges(Play.java:560)
	at play.Invoker$Invocation.init(Invoker.java:186)
	at play.jobs.Job.call(Job.java:143)
	at Invocation.Job(Play!)
18 Jul 2011 20:25:31,257 ERROR ~ 

@675pi50o7
Error during job execution (jobs.CheckPulses)

Compilation error (In /test/NotificationTests.java around line 154)
The file /test/NotificationTests.java could not be compiled. Error raised is : The method put(String, String) in the type HashMap&lt;String,String> is not applicable for the arguments (String, Long)

play.exceptions.CompilationException: The method put(String, String) in the type HashMap<String,String> is not applicable for the arguments (String, Long)
	at play.classloading.ApplicationCompiler$2.acceptResult(ApplicationCompiler.java:246)
	at org.eclipse.jdt.internal.compiler.Compiler.handleInternalException(Compiler.java:672)
	at org.eclipse.jdt.internal.compiler.Compiler.compile(Compiler.java:516)
	at play.classloading.ApplicationCompiler.compile(ApplicationCompiler.java:278)
	at play.classloading.ApplicationClasses$ApplicationClass.compile(ApplicationClasses.java:249)
	at play.classloading.ApplicationClassloader.detectChanges(ApplicationClassloader.java:304)
	at play.Play.detectChanges(Play.java:560)
	at play.Invoker$Invocation.init(Invoker.java:186)
	at play.jobs.Job.call(Job.java:143)
	at Invocation.Job(Play!)
18 Jul 2011 20:25:31,292 ERROR ~ 

@675pi50o8
Error during job execution (jobs.CheckPowers)

Compilation error (In /test/NotificationTests.java around line 154)
The file /test/NotificationTests.java could not be compiled. Error raised is : The method put(String, String) in the type HashMap&lt;String,String> is not applicable for the arguments (String, Long)

play.exceptions.CompilationException: The method put(String, String) in the type HashMap<String,String> is not applicable for the arguments (String, Long)
	at play.classloading.ApplicationCompiler$2.acceptResult(ApplicationCompiler.java:246)
	at org.eclipse.jdt.internal.compiler.Compiler.handleInternalException(Compiler.java:672)
	at org.eclipse.jdt.internal.compiler.Compiler.compile(Compiler.java:516)
	at play.classloading.ApplicationCompiler.compile(ApplicationCompiler.java:278)
	at play.classloading.ApplicationClasses$ApplicationClass.compile(ApplicationClasses.java:249)
	at play.classloading.ApplicationClassloader.detectChanges(ApplicationClassloader.java:304)
	at play.Play.detectChanges(Play.java:560)
	at play.Invoker$Invocation.init(Invoker.java:186)
	at play.jobs.Job.call(Job.java:143)
	at Invocation.Job(Play!)
18 Jul 2011 20:25:36,285 ERROR ~ 

@675pi50o9
Error during job execution (jobs.CheckPulses)

Compilation error (In /test/NotificationTests.java around line 154)
The file /test/NotificationTests.java could not be compiled. Error raised is : The method put(String, String) in the type HashMap&lt;String,String> is not applicable for the arguments (String, Long)

play.exceptions.CompilationException: The method put(String, String) in the type HashMap<String,String> is not applicable for the arguments (String, Long)
	at play.classloading.ApplicationCompiler$2.acceptResult(ApplicationCompiler.java:246)
	at org.eclipse.jdt.internal.compiler.Compiler.handleInternalException(Compiler.java:672)
	at org.eclipse.jdt.internal.compiler.Compiler.compile(Compiler.java:516)
	at play.classloading.ApplicationCompiler.compile(ApplicationCompiler.java:278)
	at play.classloading.ApplicationClasses$ApplicationClass.compile(ApplicationClasses.java:249)
	at play.classloading.ApplicationClassloader.detectChanges(ApplicationClassloader.java:304)
	at play.Play.detectChanges(Play.java:560)
	at play.Invoker$Invocation.init(Invoker.java:186)
	at play.jobs.Job.call(Job.java:143)
	at Invocation.Job(Play!)
18 Jul 2011 20:25:36,323 ERROR ~ 

@675pi50oa
Error during job execution (jobs.CheckPowers)

Compilation error (In /test/NotificationTests.java around line 154)
The file /test/NotificationTests.java could not be compiled. Error raised is : The method put(String, String) in the type HashMap&lt;String,String> is not applicable for the arguments (String, Long)

play.exceptions.CompilationException: The method put(String, String) in the type HashMap<String,String> is not applicable for the arguments (String, Long)
	at play.classloading.ApplicationCompiler$2.acceptResult(ApplicationCompiler.java:246)
	at org.eclipse.jdt.internal.compiler.Compiler.handleInternalException(Compiler.java:672)
	at org.eclipse.jdt.internal.compiler.Compiler.compile(Compiler.java:516)
	at play.classloading.ApplicationCompiler.compile(ApplicationCompiler.java:278)
	at play.classloading.ApplicationClasses$ApplicationClass.compile(ApplicationClasses.java:249)
	at play.classloading.ApplicationClassloader.detectChanges(ApplicationClassloader.java:304)
	at play.Play.detectChanges(Play.java:560)
	at play.Invoker$Invocation.init(Invoker.java:186)
	at play.jobs.Job.call(Job.java:143)
	at Invocation.Job(Play!)
18 Jul 2011 20:25:41,315 ERROR ~ 

@675pi50ob
Error during job execution (jobs.CheckPulses)

Compilation error (In /test/NotificationTests.java around line 154)
The file /test/NotificationTests.java could not be compiled. Error raised is : The method put(String, String) in the type HashMap&lt;String,String> is not applicable for the arguments (String, Long)

play.exceptions.CompilationException: The method put(String, String) in the type HashMap<String,String> is not applicable for the arguments (String, Long)
	at play.classloading.ApplicationCompiler$2.acceptResult(ApplicationCompiler.java:246)
	at org.eclipse.jdt.internal.compiler.Compiler.handleInternalException(Compiler.java:672)
	at org.eclipse.jdt.internal.compiler.Compiler.compile(Compiler.java:516)
	at play.classloading.ApplicationCompiler.compile(ApplicationCompiler.java:278)
	at play.classloading.ApplicationClasses$ApplicationClass.compile(ApplicationClasses.java:249)
	at play.classloading.ApplicationClassloader.detectChanges(ApplicationClassloader.java:304)
	at play.Play.detectChanges(Play.java:560)
	at play.Invoker$Invocation.init(Invoker.java:186)
	at play.jobs.Job.call(Job.java:143)
	at Invocation.Job(Play!)
18 Jul 2011 20:25:41,352 ERROR ~ 

@675pi50oc
Error during job execution (jobs.CheckPowers)

Compilation error (In /test/NotificationTests.java around line 154)
The file /test/NotificationTests.java could not be compiled. Error raised is : The method put(String, String) in the type HashMap&lt;String,String> is not applicable for the arguments (String, Long)

play.exceptions.CompilationException: The method put(String, String) in the type HashMap<String,String> is not applicable for the arguments (String, Long)
	at play.classloading.ApplicationCompiler$2.acceptResult(ApplicationCompiler.java:246)
	at org.eclipse.jdt.internal.compiler.Compiler.handleInternalException(Compiler.java:672)
	at org.eclipse.jdt.internal.compiler.Compiler.compile(Compiler.java:516)
	at play.classloading.ApplicationCompiler.compile(ApplicationCompiler.java:278)
	at play.classloading.ApplicationClasses$ApplicationClass.compile(ApplicationClasses.java:249)
	at play.classloading.ApplicationClassloader.detectChanges(ApplicationClassloader.java:304)
	at play.Play.detectChanges(Play.java:560)
	at play.Invoker$Invocation.init(Invoker.java:186)
	at play.jobs.Job.call(Job.java:143)
	at Invocation.Job(Play!)
18 Jul 2011 20:25:46,345 ERROR ~ 

@675pi50od
Error during job execution (jobs.CheckPulses)

Compilation error (In /test/NotificationTests.java around line 154)
The file /test/NotificationTests.java could not be compiled. Error raised is : The method put(String, String) in the type HashMap&lt;String,String> is not applicable for the arguments (String, Long)

play.exceptions.CompilationException: The method put(String, String) in the type HashMap<String,String> is not applicable for the arguments (String, Long)
	at play.classloading.ApplicationCompiler$2.acceptResult(ApplicationCompiler.java:246)
	at org.eclipse.jdt.internal.compiler.Compiler.handleInternalException(Compiler.java:672)
	at org.eclipse.jdt.internal.compiler.Compiler.compile(Compiler.java:516)
	at play.classloading.ApplicationCompiler.compile(ApplicationCompiler.java:278)
	at play.classloading.ApplicationClasses$ApplicationClass.compile(ApplicationClasses.java:249)
	at play.classloading.ApplicationClassloader.detectChanges(ApplicationClassloader.java:304)
	at play.Play.detectChanges(Play.java:560)
	at play.Invoker$Invocation.init(Invoker.java:186)
	at play.jobs.Job.call(Job.java:143)
	at Invocation.Job(Play!)
18 Jul 2011 20:25:46,381 ERROR ~ 

@675pi50oe
Error during job execution (jobs.CheckPowers)

Compilation error (In /test/NotificationTests.java around line 154)
The file /test/NotificationTests.java could not be compiled. Error raised is : The method put(String, String) in the type HashMap&lt;String,String> is not applicable for the arguments (String, Long)

play.exceptions.CompilationException: The method put(String, String) in the type HashMap<String,String> is not applicable for the arguments (String, Long)
	at play.classloading.ApplicationCompiler$2.acceptResult(ApplicationCompiler.java:246)
	at org.eclipse.jdt.internal.compiler.Compiler.handleInternalException(Compiler.java:672)
	at org.eclipse.jdt.internal.compiler.Compiler.compile(Compiler.java:516)
	at play.classloading.ApplicationCompiler.compile(ApplicationCompiler.java:278)
	at play.classloading.ApplicationClasses$ApplicationClass.compile(ApplicationClasses.java:249)
	at play.classloading.ApplicationClassloader.detectChanges(ApplicationClassloader.java:304)
	at play.Play.detectChanges(Play.java:560)
	at play.Invoker$Invocation.init(Invoker.java:186)
	at play.jobs.Job.call(Job.java:143)
	at Invocation.Job(Play!)
18 Jul 2011 20:25:51,374 ERROR ~ 

@675pi50of
Error during job execution (jobs.CheckPulses)

Compilation error (In /test/NotificationTests.java around line 154)
The file /test/NotificationTests.java could not be compiled. Error raised is : The method put(String, String) in the type HashMap&lt;String,String> is not applicable for the arguments (String, Long)

play.exceptions.CompilationException: The method put(String, String) in the type HashMap<String,String> is not applicable for the arguments (String, Long)
	at play.classloading.ApplicationCompiler$2.acceptResult(ApplicationCompiler.java:246)
	at org.eclipse.jdt.internal.compiler.Compiler.handleInternalException(Compiler.java:672)
	at org.eclipse.jdt.internal.compiler.Compiler.compile(Compiler.java:516)
	at play.classloading.ApplicationCompiler.compile(ApplicationCompiler.java:278)
	at play.classloading.ApplicationClasses$ApplicationClass.compile(ApplicationClasses.java:249)
	at play.classloading.ApplicationClassloader.detectChanges(ApplicationClassloader.java:304)
	at play.Play.detectChanges(Play.java:560)
	at play.Invoker$Invocation.init(Invoker.java:186)
	at play.jobs.Job.call(Job.java:143)
	at Invocation.Job(Play!)
18 Jul 2011 20:25:51,408 ERROR ~ 

@675pi50og
Error during job execution (jobs.CheckPowers)

Compilation error (In /test/NotificationTests.java around line 154)
The file /test/NotificationTests.java could not be compiled. Error raised is : The method put(String, String) in the type HashMap&lt;String,String> is not applicable for the arguments (String, Long)

play.exceptions.CompilationException: The method put(String, String) in the type HashMap<String,String> is not applicable for the arguments (String, Long)
	at play.classloading.ApplicationCompiler$2.acceptResult(ApplicationCompiler.java:246)
	at org.eclipse.jdt.internal.compiler.Compiler.handleInternalException(Compiler.java:672)
	at org.eclipse.jdt.internal.compiler.Compiler.compile(Compiler.java:516)
	at play.classloading.ApplicationCompiler.compile(ApplicationCompiler.java:278)
	at play.classloading.ApplicationClasses$ApplicationClass.compile(ApplicationClasses.java:249)
	at play.classloading.ApplicationClassloader.detectChanges(ApplicationClassloader.java:304)
	at play.Play.detectChanges(Play.java:560)
	at play.Invoker$Invocation.init(Invoker.java:186)
	at play.jobs.Job.call(Job.java:143)
	at Invocation.Job(Play!)
18 Jul 2011 20:25:56,402 ERROR ~ 

@675pi50oh
Error during job execution (jobs.CheckPulses)

Compilation error (In /test/NotificationTests.java around line 154)
The file /test/NotificationTests.java could not be compiled. Error raised is : The method put(String, String) in the type HashMap&lt;String,String> is not applicable for the arguments (String, Long)

play.exceptions.CompilationException: The method put(String, String) in the type HashMap<String,String> is not applicable for the arguments (String, Long)
	at play.classloading.ApplicationCompiler$2.acceptResult(ApplicationCompiler.java:246)
	at org.eclipse.jdt.internal.compiler.Compiler.handleInternalException(Compiler.java:672)
	at org.eclipse.jdt.internal.compiler.Compiler.compile(Compiler.java:516)
	at play.classloading.ApplicationCompiler.compile(ApplicationCompiler.java:278)
	at play.classloading.ApplicationClasses$ApplicationClass.compile(ApplicationClasses.java:249)
	at play.classloading.ApplicationClassloader.detectChanges(ApplicationClassloader.java:304)
	at play.Play.detectChanges(Play.java:560)
	at play.Invoker$Invocation.init(Invoker.java:186)
	at play.jobs.Job.call(Job.java:143)
	at Invocation.Job(Play!)
18 Jul 2011 20:25:56,438 ERROR ~ 

@675pi50oi
Error during job execution (jobs.CheckPowers)

Compilation error (In /test/NotificationTests.java around line 154)
The file /test/NotificationTests.java could not be compiled. Error raised is : The method put(String, String) in the type HashMap&lt;String,String> is not applicable for the arguments (String, Long)

play.exceptions.CompilationException: The method put(String, String) in the type HashMap<String,String> is not applicable for the arguments (String, Long)
	at play.classloading.ApplicationCompiler$2.acceptResult(ApplicationCompiler.java:246)
	at org.eclipse.jdt.internal.compiler.Compiler.handleInternalException(Compiler.java:672)
	at org.eclipse.jdt.internal.compiler.Compiler.compile(Compiler.java:516)
	at play.classloading.ApplicationCompiler.compile(ApplicationCompiler.java:278)
	at play.classloading.ApplicationClasses$ApplicationClass.compile(ApplicationClasses.java:249)
	at play.classloading.ApplicationClassloader.detectChanges(ApplicationClassloader.java:304)
	at play.Play.detectChanges(Play.java:560)
	at play.Invoker$Invocation.init(Invoker.java:186)
	at play.jobs.Job.call(Job.java:143)
	at Invocation.Job(Play!)
18 Jul 2011 20:26:00,605 ERROR ~ 

@675pi50oj
Internal Server Error (500) for request GET /@tests?select=NotificationTests.class

Compilation error (In /test/NotificationTests.java around line 154)
The file /test/NotificationTests.java could not be compiled. Error raised is : The method put(String, String) in the type HashMap&lt;String,String> is not applicable for the arguments (String, Long)

play.exceptions.CompilationException: The method put(String, String) in the type HashMap<String,String> is not applicable for the arguments (String, Long)
	at play.classloading.ApplicationCompiler$2.acceptResult(ApplicationCompiler.java:246)
	at org.eclipse.jdt.internal.compiler.Compiler.handleInternalException(Compiler.java:672)
	at org.eclipse.jdt.internal.compiler.Compiler.compile(Compiler.java:516)
	at play.classloading.ApplicationCompiler.compile(ApplicationCompiler.java:278)
	at play.classloading.ApplicationClasses$ApplicationClass.compile(ApplicationClasses.java:249)
	at play.classloading.ApplicationClassloader.detectChanges(ApplicationClassloader.java:304)
	at play.Play.detectChanges(Play.java:560)
	at play.Invoker$Invocation.init(Invoker.java:186)
	at Invocation.HTTP Request(Play!)
18 Jul 2011 20:26:01,429 ERROR ~ 

@675pi50ok
Error during job execution (jobs.CheckPulses)

Compilation error (In /test/NotificationTests.java around line 154)
The file /test/NotificationTests.java could not be compiled. Error raised is : The method put(String, String) in the type HashMap&lt;String,String> is not applicable for the arguments (String, Long)

play.exceptions.CompilationException: The method put(String, String) in the type HashMap<String,String> is not applicable for the arguments (String, Long)
	at play.classloading.ApplicationCompiler$2.acceptResult(ApplicationCompiler.java:246)
	at org.eclipse.jdt.internal.compiler.Compiler.handleInternalException(Compiler.java:672)
	at org.eclipse.jdt.internal.compiler.Compiler.compile(Compiler.java:516)
	at play.classloading.ApplicationCompiler.compile(ApplicationCompiler.java:278)
	at play.classloading.ApplicationClasses$ApplicationClass.compile(ApplicationClasses.java:249)
	at play.classloading.ApplicationClassloader.detectChanges(ApplicationClassloader.java:304)
	at play.Play.detectChanges(Play.java:560)
	at play.Invoker$Invocation.init(Invoker.java:186)
	at play.jobs.Job.call(Job.java:143)
	at Invocation.Job(Play!)
18 Jul 2011 20:26:01,465 ERROR ~ 

@675pi50ol
Error during job execution (jobs.CheckPowers)

Compilation error (In /test/NotificationTests.java around line 154)
The file /test/NotificationTests.java could not be compiled. Error raised is : The method put(String, String) in the type HashMap&lt;String,String> is not applicable for the arguments (String, Long)

play.exceptions.CompilationException: The method put(String, String) in the type HashMap<String,String> is not applicable for the arguments (String, Long)
	at play.classloading.ApplicationCompiler$2.acceptResult(ApplicationCompiler.java:246)
	at org.eclipse.jdt.internal.compiler.Compiler.handleInternalException(Compiler.java:672)
	at org.eclipse.jdt.internal.compiler.Compiler.compile(Compiler.java:516)
	at play.classloading.ApplicationCompiler.compile(ApplicationCompiler.java:278)
	at play.classloading.ApplicationClasses$ApplicationClass.compile(ApplicationClasses.java:249)
	at play.classloading.ApplicationClassloader.detectChanges(ApplicationClassloader.java:304)
	at play.Play.detectChanges(Play.java:560)
	at play.Invoker$Invocation.init(Invoker.java:186)
	at play.jobs.Job.call(Job.java:143)
	at Invocation.Job(Play!)
18 Jul 2011 20:26:06,459 ERROR ~ 

@675pi50om
Error during job execution (jobs.CheckPulses)

Compilation error (In /test/NotificationTests.java around line 154)
The file /test/NotificationTests.java could not be compiled. Error raised is : The method put(String, String) in the type HashMap&lt;String,String> is not applicable for the arguments (String, Long)

play.exceptions.CompilationException: The method put(String, String) in the type HashMap<String,String> is not applicable for the arguments (String, Long)
	at play.classloading.ApplicationCompiler$2.acceptResult(ApplicationCompiler.java:246)
	at org.eclipse.jdt.internal.compiler.Compiler.handleInternalException(Compiler.java:672)
	at org.eclipse.jdt.internal.compiler.Compiler.compile(Compiler.java:516)
	at play.classloading.ApplicationCompiler.compile(ApplicationCompiler.java:278)
	at play.classloading.ApplicationClasses$ApplicationClass.compile(ApplicationClasses.java:249)
	at play.classloading.ApplicationClassloader.detectChanges(ApplicationClassloader.java:304)
	at play.Play.detectChanges(Play.java:560)
	at play.Invoker$Invocation.init(Invoker.java:186)
	at play.jobs.Job.call(Job.java:143)
	at Invocation.Job(Play!)
18 Jul 2011 20:26:06,492 ERROR ~ 

@675pi50on
Error during job execution (jobs.CheckPowers)

Compilation error (In /test/NotificationTests.java around line 154)
The file /test/NotificationTests.java could not be compiled. Error raised is : The method put(String, String) in the type HashMap&lt;String,String> is not applicable for the arguments (String, Long)

play.exceptions.CompilationException: The method put(String, String) in the type HashMap<String,String> is not applicable for the arguments (String, Long)
	at play.classloading.ApplicationCompiler$2.acceptResult(ApplicationCompiler.java:246)
	at org.eclipse.jdt.internal.compiler.Compiler.handleInternalException(Compiler.java:672)
	at org.eclipse.jdt.internal.compiler.Compiler.compile(Compiler.java:516)
	at play.classloading.ApplicationCompiler.compile(ApplicationCompiler.java:278)
	at play.classloading.ApplicationClasses$ApplicationClass.compile(ApplicationClasses.java:249)
	at play.classloading.ApplicationClassloader.detectChanges(ApplicationClassloader.java:304)
	at play.Play.detectChanges(Play.java:560)
	at play.Invoker$Invocation.init(Invoker.java:186)
	at play.jobs.Job.call(Job.java:143)
	at Invocation.Job(Play!)
18 Jul 2011 20:26:11,488 ERROR ~ 

@675pi50oo
Error during job execution (jobs.CheckPulses)

Compilation error (In /test/NotificationTests.java around line 167)
The file /test/NotificationTests.java could not be compiled. Error raised is : The method GET(Object, boolean) in the type FunctionalTest is not applicable for the arguments (String, HashMap&lt;String,String>)

play.exceptions.CompilationException: The method GET(Object, boolean) in the type FunctionalTest is not applicable for the arguments (String, HashMap<String,String>)
	at play.classloading.ApplicationCompiler$2.acceptResult(ApplicationCompiler.java:246)
	at org.eclipse.jdt.internal.compiler.Compiler.handleInternalException(Compiler.java:672)
	at org.eclipse.jdt.internal.compiler.Compiler.compile(Compiler.java:516)
	at play.classloading.ApplicationCompiler.compile(ApplicationCompiler.java:278)
	at play.classloading.ApplicationClasses$ApplicationClass.compile(ApplicationClasses.java:249)
	at play.classloading.ApplicationClassloader.detectChanges(ApplicationClassloader.java:304)
	at play.Play.detectChanges(Play.java:560)
	at play.Invoker$Invocation.init(Invoker.java:186)
	at play.jobs.Job.call(Job.java:143)
	at Invocation.Job(Play!)
18 Jul 2011 20:26:11,525 ERROR ~ 

@675pi50op
Error during job execution (jobs.CheckPowers)

Compilation error (In /test/NotificationTests.java around line 167)
The file /test/NotificationTests.java could not be compiled. Error raised is : The method GET(Object, boolean) in the type FunctionalTest is not applicable for the arguments (String, HashMap&lt;String,String>)

play.exceptions.CompilationException: The method GET(Object, boolean) in the type FunctionalTest is not applicable for the arguments (String, HashMap<String,String>)
	at play.classloading.ApplicationCompiler$2.acceptResult(ApplicationCompiler.java:246)
	at org.eclipse.jdt.internal.compiler.Compiler.handleInternalException(Compiler.java:672)
	at org.eclipse.jdt.internal.compiler.Compiler.compile(Compiler.java:516)
	at play.classloading.ApplicationCompiler.compile(ApplicationCompiler.java:278)
	at play.classloading.ApplicationClasses$ApplicationClass.compile(ApplicationClasses.java:249)
	at play.classloading.ApplicationClassloader.detectChanges(ApplicationClassloader.java:304)
	at play.Play.detectChanges(Play.java:560)
	at play.Invoker$Invocation.init(Invoker.java:186)
	at play.jobs.Job.call(Job.java:143)
	at Invocation.Job(Play!)
18 Jul 2011 20:26:12,242 ERROR ~ 

@675pi50p0
Internal Server Error (500) for request GET /@tests?select=NotificationTests.class

Compilation error (In /test/NotificationTests.java around line 167)
The file /test/NotificationTests.java could not be compiled. Error raised is : The method GET(Object, boolean) in the type FunctionalTest is not applicable for the arguments (String, HashMap&lt;String,String>)

play.exceptions.CompilationException: The method GET(Object, boolean) in the type FunctionalTest is not applicable for the arguments (String, HashMap<String,String>)
	at play.classloading.ApplicationCompiler$2.acceptResult(ApplicationCompiler.java:246)
	at org.eclipse.jdt.internal.compiler.Compiler.handleInternalException(Compiler.java:672)
	at org.eclipse.jdt.internal.compiler.Compiler.compile(Compiler.java:516)
	at play.classloading.ApplicationCompiler.compile(ApplicationCompiler.java:278)
	at play.classloading.ApplicationClasses$ApplicationClass.compile(ApplicationClasses.java:249)
	at play.classloading.ApplicationClassloader.detectChanges(ApplicationClassloader.java:304)
	at play.Play.detectChanges(Play.java:560)
	at play.Invoker$Invocation.init(Invoker.java:186)
	at Invocation.HTTP Request(Play!)
18 Jul 2011 20:26:12,424 ERROR ~ 

@675pi50p1
Internal Server Error (500) for request GET /@tests?select=NotificationTests.class

Compilation error (In /test/NotificationTests.java around line 167)
The file /test/NotificationTests.java could not be compiled. Error raised is : The method GET(Object, boolean) in the type FunctionalTest is not applicable for the arguments (String, HashMap&lt;String,String>)

play.exceptions.CompilationException: The method GET(Object, boolean) in the type FunctionalTest is not applicable for the arguments (String, HashMap<String,String>)
	at play.classloading.ApplicationCompiler$2.acceptResult(ApplicationCompiler.java:246)
	at org.eclipse.jdt.internal.compiler.Compiler.handleInternalException(Compiler.java:672)
	at org.eclipse.jdt.internal.compiler.Compiler.compile(Compiler.java:516)
	at play.classloading.ApplicationCompiler.compile(ApplicationCompiler.java:278)
	at play.classloading.ApplicationClasses$ApplicationClass.compile(ApplicationClasses.java:249)
	at play.classloading.ApplicationClassloader.detectChanges(ApplicationClassloader.java:304)
	at play.Play.detectChanges(Play.java:560)
	at play.Invoker$Invocation.init(Invoker.java:186)
	at Invocation.HTTP Request(Play!)
18 Jul 2011 20:26:13,120 ERROR ~ 

@675pi50p2
Internal Server Error (500) for request GET /@tests?select=NotificationTests.class

Compilation error (In /test/NotificationTests.java around line 167)
The file /test/NotificationTests.java could not be compiled. Error raised is : The method GET(Object, boolean) in the type FunctionalTest is not applicable for the arguments (String, HashMap&lt;String,String>)

play.exceptions.CompilationException: The method GET(Object, boolean) in the type FunctionalTest is not applicable for the arguments (String, HashMap<String,String>)
	at play.classloading.ApplicationCompiler$2.acceptResult(ApplicationCompiler.java:246)
	at org.eclipse.jdt.internal.compiler.Compiler.handleInternalException(Compiler.java:672)
	at org.eclipse.jdt.internal.compiler.Compiler.compile(Compiler.java:516)
	at play.classloading.ApplicationCompiler.compile(ApplicationCompiler.java:278)
	at play.classloading.ApplicationClasses$ApplicationClass.compile(ApplicationClasses.java:249)
	at play.classloading.ApplicationClassloader.detectChanges(ApplicationClassloader.java:304)
	at play.Play.detectChanges(Play.java:560)
	at play.Invoker$Invocation.init(Invoker.java:186)
	at Invocation.HTTP Request(Play!)
18 Jul 2011 20:26:16,519 ERROR ~ 

@675pi50p3
Error during job execution (jobs.CheckPulses)

Compilation error (In /test/NotificationTests.java around line 167)
The file /test/NotificationTests.java could not be compiled. Error raised is : The method GET(Object, boolean) in the type FunctionalTest is not applicable for the arguments (String, HashMap&lt;String,String>)

play.exceptions.CompilationException: The method GET(Object, boolean) in the type FunctionalTest is not applicable for the arguments (String, HashMap<String,String>)
	at play.classloading.ApplicationCompiler$2.acceptResult(ApplicationCompiler.java:246)
	at org.eclipse.jdt.internal.compiler.Compiler.handleInternalException(Compiler.java:672)
	at org.eclipse.jdt.internal.compiler.Compiler.compile(Compiler.java:516)
	at play.classloading.ApplicationCompiler.compile(ApplicationCompiler.java:278)
	at play.classloading.ApplicationClasses$ApplicationClass.compile(ApplicationClasses.java:249)
	at play.classloading.ApplicationClassloader.detectChanges(ApplicationClassloader.java:304)
	at play.Play.detectChanges(Play.java:560)
	at play.Invoker$Invocation.init(Invoker.java:186)
	at play.jobs.Job.call(Job.java:143)
	at Invocation.Job(Play!)
18 Jul 2011 20:26:16,561 ERROR ~ 

@675pi50p4
Error during job execution (jobs.CheckPowers)

Compilation error (In /test/NotificationTests.java around line 167)
The file /test/NotificationTests.java could not be compiled. Error raised is : The method GET(Object, boolean) in the type FunctionalTest is not applicable for the arguments (String, HashMap&lt;String,String>)

play.exceptions.CompilationException: The method GET(Object, boolean) in the type FunctionalTest is not applicable for the arguments (String, HashMap<String,String>)
	at play.classloading.ApplicationCompiler$2.acceptResult(ApplicationCompiler.java:246)
	at org.eclipse.jdt.internal.compiler.Compiler.handleInternalException(Compiler.java:672)
	at org.eclipse.jdt.internal.compiler.Compiler.compile(Compiler.java:516)
	at play.classloading.ApplicationCompiler.compile(ApplicationCompiler.java:278)
	at play.classloading.ApplicationClasses$ApplicationClass.compile(ApplicationClasses.java:249)
	at play.classloading.ApplicationClassloader.detectChanges(ApplicationClassloader.java:304)
	at play.Play.detectChanges(Play.java:560)
	at play.Invoker$Invocation.init(Invoker.java:186)
	at play.jobs.Job.call(Job.java:143)
	at Invocation.Job(Play!)
18 Jul 2011 20:26:23,924 INFO  ~ finished bootstrapping development server; ischat = true, ismaster = true
18 Jul 2011 20:26:23,937 ERROR ~ 

@675pi50p5
Error during job execution (jobs.CheckPowers)

Execution exception (In /app/jobs/CheckPowers.java around line 30)
ClassCastException occured : models.Server cannot be cast to models.Server

play.exceptions.JavaExecutionException: models.Server cannot be cast to models.Server
	at play.jobs.Job.call(Job.java:166)
	at Invocation.Job(Play!)
Caused by: java.lang.ClassCastException: models.Server cannot be cast to models.Server
	at jobs.CheckPowers.doJob(CheckPowers.java:30)
	at play.jobs.Job.doJobWithResult(Job.java:55)
	at play.jobs.Job.call(Job.java:157)
	... 1 more
18 Jul 2011 20:26:44,034 INFO  ~ finished bootstrapping development server; ischat = true, ismaster = true
18 Jul 2011 20:27:33,304 ERROR ~ 

@675pi50p8
Internal Server Error (500) for request GET /notify/newpower?for_user=4&storedPowerJSON={%22used%22%3Afalse%2C%22owner%22%3A{%22user_id%22%3A12%2C%22name%22%3A%22Jane+Doe%22%2C%22friends%22%3A[]%2C%22superpowers%22%3A[]%2C%22online%22%3Atrue%2C%22messageCount%22%3A0%2C%22gotMessageCount%22%3A0%2C%22joinCount%22%3A0%2C%22offersMadeCount%22%3A0%2C%22offersReceivedCount%22%3A0%2C%22revealCount%22%3A0%2C%22heartbeatServer%22%3A{%22name%22%3A%22chat1.com%22%2C%22uri%22%3A%22http%3A%2F%2Flocalhost%3A9000%2F%22%2C%22isMaster%22%3Afalse%2C%22roomCount%22%3A4%2C%22nextID%22%3A1%2C%22id%22%3A2}%2C%22id%22%3A5}%2C%22id%22%3A1}&session_id=sadfsadf

Execution exception (In /app/models/UserEvent.java around line 243)
NullPointerException occured : null

play.exceptions.JavaExecutionException
	at play.mvc.ActionInvoker.invoke(ActionInvoker.java:227)
	at Invocation.HTTP Request(Play!)
Caused by: java.lang.NullPointerException
	at models.UserEvent$NewPower.<init>(UserEvent.java:243)
	at controllers.Notify.newPower(Notify.java:179)
	at play.mvc.ActionInvoker.invokeWithContinuation(ActionInvoker.java:540)
	at play.mvc.ActionInvoker.invoke(ActionInvoker.java:498)
	at play.mvc.ActionInvoker.invokeControllerMethod(ActionInvoker.java:474)
	at play.mvc.ActionInvoker.invokeControllerMethod(ActionInvoker.java:469)
	at play.mvc.ActionInvoker.invoke(ActionInvoker.java:157)
	... 1 more
18 Jul 2011 20:34:42,799 ERROR ~ 

@675pi50pb
Error during job execution (jobs.CheckPulses)

Compilation error (In /test/NotificationTests.java around line 169)
The file /test/NotificationTests.java could not be compiled. Error raised is : The method getJson() is undefined for the type Http.Response

play.exceptions.CompilationException: The method getJson() is undefined for the type Http.Response
	at play.classloading.ApplicationCompiler$2.acceptResult(ApplicationCompiler.java:246)
	at org.eclipse.jdt.internal.compiler.Compiler.handleInternalException(Compiler.java:672)
	at org.eclipse.jdt.internal.compiler.Compiler.compile(Compiler.java:516)
	at play.classloading.ApplicationCompiler.compile(ApplicationCompiler.java:278)
	at play.classloading.ApplicationClasses$ApplicationClass.compile(ApplicationClasses.java:249)
	at play.classloading.ApplicationClassloader.detectChanges(ApplicationClassloader.java:304)
	at play.Play.detectChanges(Play.java:560)
	at play.Invoker$Invocation.init(Invoker.java:186)
	at play.jobs.Job.call(Job.java:143)
	at Invocation.Job(Play!)
18 Jul 2011 20:34:42,827 ERROR ~ 

@675pi50pc
Error during job execution (jobs.CheckPowers)

Compilation error (In /test/NotificationTests.java around line 169)
The file /test/NotificationTests.java could not be compiled. Error raised is : The method getJson() is undefined for the type Http.Response

play.exceptions.CompilationException: The method getJson() is undefined for the type Http.Response
	at play.classloading.ApplicationCompiler$2.acceptResult(ApplicationCompiler.java:246)
	at org.eclipse.jdt.internal.compiler.Compiler.handleInternalException(Compiler.java:672)
	at org.eclipse.jdt.internal.compiler.Compiler.compile(Compiler.java:516)
	at play.classloading.ApplicationCompiler.compile(ApplicationCompiler.java:278)
	at play.classloading.ApplicationClasses$ApplicationClass.compile(ApplicationClasses.java:249)
	at play.classloading.ApplicationClassloader.detectChanges(ApplicationClassloader.java:304)
	at play.Play.detectChanges(Play.java:560)
	at play.Invoker$Invocation.init(Invoker.java:186)
	at play.jobs.Job.call(Job.java:143)
	at Invocation.Job(Play!)
18 Jul 2011 20:34:47,826 ERROR ~ 

@675pi50pd
Error during job execution (jobs.CheckPulses)

Compilation error (In /test/NotificationTests.java around line 169)
The file /test/NotificationTests.java could not be compiled. Error raised is : The method getJson() is undefined for the type Http.Response

play.exceptions.CompilationException: The method getJson() is undefined for the type Http.Response
	at play.classloading.ApplicationCompiler$2.acceptResult(ApplicationCompiler.java:246)
	at org.eclipse.jdt.internal.compiler.Compiler.handleInternalException(Compiler.java:672)
	at org.eclipse.jdt.internal.compiler.Compiler.compile(Compiler.java:516)
	at play.classloading.ApplicationCompiler.compile(ApplicationCompiler.java:278)
	at play.classloading.ApplicationClasses$ApplicationClass.compile(ApplicationClasses.java:249)
	at play.classloading.ApplicationClassloader.detectChanges(ApplicationClassloader.java:304)
	at play.Play.detectChanges(Play.java:560)
	at play.Invoker$Invocation.init(Invoker.java:186)
	at play.jobs.Job.call(Job.java:143)
	at Invocation.Job(Play!)
18 Jul 2011 20:34:47,854 ERROR ~ 

@675pi50pe
Error during job execution (jobs.CheckPowers)

Compilation error (In /test/NotificationTests.java around line 169)
The file /test/NotificationTests.java could not be compiled. Error raised is : The method getJson() is undefined for the type Http.Response

play.exceptions.CompilationException: The method getJson() is undefined for the type Http.Response
	at play.classloading.ApplicationCompiler$2.acceptResult(ApplicationCompiler.java:246)
	at org.eclipse.jdt.internal.compiler.Compiler.handleInternalException(Compiler.java:672)
	at org.eclipse.jdt.internal.compiler.Compiler.compile(Compiler.java:516)
	at play.classloading.ApplicationCompiler.compile(ApplicationCompiler.java:278)
	at play.classloading.ApplicationClasses$ApplicationClass.compile(ApplicationClasses.java:249)
	at play.classloading.ApplicationClassloader.detectChanges(ApplicationClassloader.java:304)
	at play.Play.detectChanges(Play.java:560)
	at play.Invoker$Invocation.init(Invoker.java:186)
	at play.jobs.Job.call(Job.java:143)
	at Invocation.Job(Play!)
18 Jul 2011 20:34:52,854 ERROR ~ 

@675pi50pf
Error during job execution (jobs.CheckPulses)

Compilation error (In /test/NotificationTests.java around line 169)
The file /test/NotificationTests.java could not be compiled. Error raised is : The method getJson() is undefined for the type Http.Response

play.exceptions.CompilationException: The method getJson() is undefined for the type Http.Response
	at play.classloading.ApplicationCompiler$2.acceptResult(ApplicationCompiler.java:246)
	at org.eclipse.jdt.internal.compiler.Compiler.handleInternalException(Compiler.java:672)
	at org.eclipse.jdt.internal.compiler.Compiler.compile(Compiler.java:516)
	at play.classloading.ApplicationCompiler.compile(ApplicationCompiler.java:278)
	at play.classloading.ApplicationClasses$ApplicationClass.compile(ApplicationClasses.java:249)
	at play.classloading.ApplicationClassloader.detectChanges(ApplicationClassloader.java:304)
	at play.Play.detectChanges(Play.java:560)
	at play.Invoker$Invocation.init(Invoker.java:186)
	at play.jobs.Job.call(Job.java:143)
	at Invocation.Job(Play!)
18 Jul 2011 20:34:52,880 ERROR ~ 

@675pi50pg
Error during job execution (jobs.CheckPowers)

Compilation error (In /test/NotificationTests.java around line 169)
The file /test/NotificationTests.java could not be compiled. Error raised is : The method getJson() is undefined for the type Http.Response

play.exceptions.CompilationException: The method getJson() is undefined for the type Http.Response
	at play.classloading.ApplicationCompiler$2.acceptResult(ApplicationCompiler.java:246)
	at org.eclipse.jdt.internal.compiler.Compiler.handleInternalException(Compiler.java:672)
	at org.eclipse.jdt.internal.compiler.Compiler.compile(Compiler.java:516)
	at play.classloading.ApplicationCompiler.compile(ApplicationCompiler.java:278)
	at play.classloading.ApplicationClasses$ApplicationClass.compile(ApplicationClasses.java:249)
	at play.classloading.ApplicationClassloader.detectChanges(ApplicationClassloader.java:304)
	at play.Play.detectChanges(Play.java:560)
	at play.Invoker$Invocation.init(Invoker.java:186)
	at play.jobs.Job.call(Job.java:143)
	at Invocation.Job(Play!)
18 Jul 2011 20:34:57,884 ERROR ~ 

@675pi50ph
Error during job execution (jobs.CheckPulses)

Compilation error (In /test/NotificationTests.java around line 169)
The file /test/NotificationTests.java could not be compiled. Error raised is : The method getJson() is undefined for the type Http.Response

play.exceptions.CompilationException: The method getJson() is undefined for the type Http.Response
	at play.classloading.ApplicationCompiler$2.acceptResult(ApplicationCompiler.java:246)
	at org.eclipse.jdt.internal.compiler.Compiler.handleInternalException(Compiler.java:672)
	at org.eclipse.jdt.internal.compiler.Compiler.compile(Compiler.java:516)
	at play.classloading.ApplicationCompiler.compile(ApplicationCompiler.java:278)
	at play.classloading.ApplicationClasses$ApplicationClass.compile(ApplicationClasses.java:249)
	at play.classloading.ApplicationClassloader.detectChanges(ApplicationClassloader.java:304)
	at play.Play.detectChanges(Play.java:560)
	at play.Invoker$Invocation.init(Invoker.java:186)
	at play.jobs.Job.call(Job.java:143)
	at Invocation.Job(Play!)
18 Jul 2011 20:34:57,910 ERROR ~ 

@675pi50pi
Error during job execution (jobs.CheckPowers)

Compilation error (In /test/NotificationTests.java around line 169)
The file /test/NotificationTests.java could not be compiled. Error raised is : The method getJson() is undefined for the type Http.Response

play.exceptions.CompilationException: The method getJson() is undefined for the type Http.Response
	at play.classloading.ApplicationCompiler$2.acceptResult(ApplicationCompiler.java:246)
	at org.eclipse.jdt.internal.compiler.Compiler.handleInternalException(Compiler.java:672)
	at org.eclipse.jdt.internal.compiler.Compiler.compile(Compiler.java:516)
	at play.classloading.ApplicationCompiler.compile(ApplicationCompiler.java:278)
	at play.classloading.ApplicationClasses$ApplicationClass.compile(ApplicationClasses.java:249)
	at play.classloading.ApplicationClassloader.detectChanges(ApplicationClassloader.java:304)
	at play.Play.detectChanges(Play.java:560)
	at play.Invoker$Invocation.init(Invoker.java:186)
	at play.jobs.Job.call(Job.java:143)
	at Invocation.Job(Play!)
18 Jul 2011 20:34:59,029 ERROR ~ 

@675pi50pj
Internal Server Error (500) for request GET /@tests/init

Compilation error (In /test/NotificationTests.java around line 169)
The file /test/NotificationTests.java could not be compiled. Error raised is : The method getJson() is undefined for the type Http.Response

play.exceptions.CompilationException: The method getJson() is undefined for the type Http.Response
	at play.classloading.ApplicationCompiler$2.acceptResult(ApplicationCompiler.java:246)
	at org.eclipse.jdt.internal.compiler.Compiler.handleInternalException(Compiler.java:672)
	at org.eclipse.jdt.internal.compiler.Compiler.compile(Compiler.java:516)
	at play.classloading.ApplicationCompiler.compile(ApplicationCompiler.java:278)
	at play.classloading.ApplicationClasses$ApplicationClass.compile(ApplicationClasses.java:249)
	at play.classloading.ApplicationClassloader.detectChanges(ApplicationClassloader.java:304)
	at play.Play.detectChanges(Play.java:560)
	at play.Invoker$Invocation.init(Invoker.java:186)
	at Invocation.HTTP Request(Play!)
18 Jul 2011 20:34:59,124 ERROR ~ 

@675pi50pk
Internal Server Error (500) for request GET /@tests?select=NotificationTests.class

Compilation error (In /test/NotificationTests.java around line 169)
The file /test/NotificationTests.java could not be compiled. Error raised is : The method getJson() is undefined for the type Http.Response

play.exceptions.CompilationException: The method getJson() is undefined for the type Http.Response
	at play.classloading.ApplicationCompiler$2.acceptResult(ApplicationCompiler.java:246)
	at org.eclipse.jdt.internal.compiler.Compiler.handleInternalException(Compiler.java:672)
	at org.eclipse.jdt.internal.compiler.Compiler.compile(Compiler.java:516)
	at play.classloading.ApplicationCompiler.compile(ApplicationCompiler.java:278)
	at play.classloading.ApplicationClasses$ApplicationClass.compile(ApplicationClasses.java:249)
	at play.classloading.ApplicationClassloader.detectChanges(ApplicationClassloader.java:304)
	at play.Play.detectChanges(Play.java:560)
	at play.Invoker$Invocation.init(Invoker.java:186)
	at Invocation.HTTP Request(Play!)
18 Jul 2011 20:34:59,163 ERROR ~ 

@675pi50pl
Internal Server Error (500) for request GET /@tests/end?result=passed

Compilation error (In /test/NotificationTests.java around line 169)
The file /test/NotificationTests.java could not be compiled. Error raised is : The method getJson() is undefined for the type Http.Response

play.exceptions.CompilationException: The method getJson() is undefined for the type Http.Response
	at play.classloading.ApplicationCompiler$2.acceptResult(ApplicationCompiler.java:246)
	at org.eclipse.jdt.internal.compiler.Compiler.handleInternalException(Compiler.java:672)
	at org.eclipse.jdt.internal.compiler.Compiler.compile(Compiler.java:516)
	at play.classloading.ApplicationCompiler.compile(ApplicationCompiler.java:278)
	at play.classloading.ApplicationClasses$ApplicationClass.compile(ApplicationClasses.java:249)
	at play.classloading.ApplicationClassloader.detectChanges(ApplicationClassloader.java:304)
	at play.Play.detectChanges(Play.java:560)
	at play.Invoker$Invocation.init(Invoker.java:186)
	at Invocation.HTTP Request(Play!)
18 Jul 2011 20:35:02,913 ERROR ~ 

@675pi50pm
Error during job execution (jobs.CheckPulses)

Compilation error (In /test/NotificationTests.java around line 169)
The file /test/NotificationTests.java could not be compiled. Error raised is : The method getJson() is undefined for the type Http.Response

play.exceptions.CompilationException: The method getJson() is undefined for the type Http.Response
	at play.classloading.ApplicationCompiler$2.acceptResult(ApplicationCompiler.java:246)
	at org.eclipse.jdt.internal.compiler.Compiler.handleInternalException(Compiler.java:672)
	at org.eclipse.jdt.internal.compiler.Compiler.compile(Compiler.java:516)
	at play.classloading.ApplicationCompiler.compile(ApplicationCompiler.java:278)
	at play.classloading.ApplicationClasses$ApplicationClass.compile(ApplicationClasses.java:249)
	at play.classloading.ApplicationClassloader.detectChanges(ApplicationClassloader.java:304)
	at play.Play.detectChanges(Play.java:560)
	at play.Invoker$Invocation.init(Invoker.java:186)
	at play.jobs.Job.call(Job.java:143)
	at Invocation.Job(Play!)
18 Jul 2011 20:35:02,939 ERROR ~ 

@675pi50pn
Error during job execution (jobs.CheckPowers)

Compilation error (In /test/NotificationTests.java around line 169)
The file /test/NotificationTests.java could not be compiled. Error raised is : The method getJson() is undefined for the type Http.Response

play.exceptions.CompilationException: The method getJson() is undefined for the type Http.Response
	at play.classloading.ApplicationCompiler$2.acceptResult(ApplicationCompiler.java:246)
	at org.eclipse.jdt.internal.compiler.Compiler.handleInternalException(Compiler.java:672)
	at org.eclipse.jdt.internal.compiler.Compiler.compile(Compiler.java:516)
	at play.classloading.ApplicationCompiler.compile(ApplicationCompiler.java:278)
	at play.classloading.ApplicationClasses$ApplicationClass.compile(ApplicationClasses.java:249)
	at play.classloading.ApplicationClassloader.detectChanges(ApplicationClassloader.java:304)
	at play.Play.detectChanges(Play.java:560)
	at play.Invoker$Invocation.init(Invoker.java:186)
	at play.jobs.Job.call(Job.java:143)
	at Invocation.Job(Play!)
18 Jul 2011 20:35:07,943 ERROR ~ 

@675pi50po
Error during job execution (jobs.CheckPulses)

Compilation error (In /test/NotificationTests.java around line 169)
The file /test/NotificationTests.java could not be compiled. Error raised is : The method getJson() is undefined for the type Http.Response

play.exceptions.CompilationException: The method getJson() is undefined for the type Http.Response
	at play.classloading.ApplicationCompiler$2.acceptResult(ApplicationCompiler.java:246)
	at org.eclipse.jdt.internal.compiler.Compiler.handleInternalException(Compiler.java:672)
	at org.eclipse.jdt.internal.compiler.Compiler.compile(Compiler.java:516)
	at play.classloading.ApplicationCompiler.compile(ApplicationCompiler.java:278)
	at play.classloading.ApplicationClasses$ApplicationClass.compile(ApplicationClasses.java:249)
	at play.classloading.ApplicationClassloader.detectChanges(ApplicationClassloader.java:304)
	at play.Play.detectChanges(Play.java:560)
	at play.Invoker$Invocation.init(Invoker.java:186)
	at play.jobs.Job.call(Job.java:143)
	at Invocation.Job(Play!)
18 Jul 2011 20:35:07,970 ERROR ~ 

@675pi50pp
Error during job execution (jobs.CheckPowers)

Compilation error (In /test/NotificationTests.java around line 169)
The file /test/NotificationTests.java could not be compiled. Error raised is : The method getJson() is undefined for the type Http.Response

play.exceptions.CompilationException: The method getJson() is undefined for the type Http.Response
	at play.classloading.ApplicationCompiler$2.acceptResult(ApplicationCompiler.java:246)
	at org.eclipse.jdt.internal.compiler.Compiler.handleInternalException(Compiler.java:672)
	at org.eclipse.jdt.internal.compiler.Compiler.compile(Compiler.java:516)
	at play.classloading.ApplicationCompiler.compile(ApplicationCompiler.java:278)
	at play.classloading.ApplicationClasses$ApplicationClass.compile(ApplicationClasses.java:249)
	at play.classloading.ApplicationClassloader.detectChanges(ApplicationClassloader.java:304)
	at play.Play.detectChanges(Play.java:560)
	at play.Invoker$Invocation.init(Invoker.java:186)
	at play.jobs.Job.call(Job.java:143)
	at Invocation.Job(Play!)
18 Jul 2011 20:35:12,971 ERROR ~ 

@675pi5100
Error during job execution (jobs.CheckPulses)

Compilation error (In /test/NotificationTests.java around line 169)
The file /test/NotificationTests.java could not be compiled. Error raised is : The method getJson() is undefined for the type Http.Response

play.exceptions.CompilationException: The method getJson() is undefined for the type Http.Response
	at play.classloading.ApplicationCompiler$2.acceptResult(ApplicationCompiler.java:246)
	at org.eclipse.jdt.internal.compiler.Compiler.handleInternalException(Compiler.java:672)
	at org.eclipse.jdt.internal.compiler.Compiler.compile(Compiler.java:516)
	at play.classloading.ApplicationCompiler.compile(ApplicationCompiler.java:278)
	at play.classloading.ApplicationClasses$ApplicationClass.compile(ApplicationClasses.java:249)
	at play.classloading.ApplicationClassloader.detectChanges(ApplicationClassloader.java:304)
	at play.Play.detectChanges(Play.java:560)
	at play.Invoker$Invocation.init(Invoker.java:186)
	at play.jobs.Job.call(Job.java:143)
	at Invocation.Job(Play!)
18 Jul 2011 20:35:12,999 ERROR ~ 

@675pi5101
Error during job execution (jobs.CheckPowers)

Compilation error (In /test/NotificationTests.java around line 169)
The file /test/NotificationTests.java could not be compiled. Error raised is : The method getJson() is undefined for the type Http.Response

play.exceptions.CompilationException: The method getJson() is undefined for the type Http.Response
	at play.classloading.ApplicationCompiler$2.acceptResult(ApplicationCompiler.java:246)
	at org.eclipse.jdt.internal.compiler.Compiler.handleInternalException(Compiler.java:672)
	at org.eclipse.jdt.internal.compiler.Compiler.compile(Compiler.java:516)
	at play.classloading.ApplicationCompiler.compile(ApplicationCompiler.java:278)
	at play.classloading.ApplicationClasses$ApplicationClass.compile(ApplicationClasses.java:249)
	at play.classloading.ApplicationClassloader.detectChanges(ApplicationClassloader.java:304)
	at play.Play.detectChanges(Play.java:560)
	at play.Invoker$Invocation.init(Invoker.java:186)
	at play.jobs.Job.call(Job.java:143)
	at Invocation.Job(Play!)
18 Jul 2011 20:35:17,998 ERROR ~ 

@675pi5102
Error during job execution (jobs.CheckPulses)

Compilation error (In /test/NotificationTests.java around line 169)
The file /test/NotificationTests.java could not be compiled. Error raised is : The method getJson() is undefined for the type Http.Response

play.exceptions.CompilationException: The method getJson() is undefined for the type Http.Response
	at play.classloading.ApplicationCompiler$2.acceptResult(ApplicationCompiler.java:246)
	at org.eclipse.jdt.internal.compiler.Compiler.handleInternalException(Compiler.java:672)
	at org.eclipse.jdt.internal.compiler.Compiler.compile(Compiler.java:516)
	at play.classloading.ApplicationCompiler.compile(ApplicationCompiler.java:278)
	at play.classloading.ApplicationClasses$ApplicationClass.compile(ApplicationClasses.java:249)
	at play.classloading.ApplicationClassloader.detectChanges(ApplicationClassloader.java:304)
	at play.Play.detectChanges(Play.java:560)
	at play.Invoker$Invocation.init(Invoker.java:186)
	at play.jobs.Job.call(Job.java:143)
	at Invocation.Job(Play!)
18 Jul 2011 20:35:18,028 ERROR ~ 

@675pi5103
Error during job execution (jobs.CheckPowers)

Compilation error (In /test/NotificationTests.java around line 169)
The file /test/NotificationTests.java could not be compiled. Error raised is : The method getJson() is undefined for the type Http.Response

play.exceptions.CompilationException: The method getJson() is undefined for the type Http.Response
	at play.classloading.ApplicationCompiler$2.acceptResult(ApplicationCompiler.java:246)
	at org.eclipse.jdt.internal.compiler.Compiler.handleInternalException(Compiler.java:672)
	at org.eclipse.jdt.internal.compiler.Compiler.compile(Compiler.java:516)
	at play.classloading.ApplicationCompiler.compile(ApplicationCompiler.java:278)
	at play.classloading.ApplicationClasses$ApplicationClass.compile(ApplicationClasses.java:249)
	at play.classloading.ApplicationClassloader.detectChanges(ApplicationClassloader.java:304)
	at play.Play.detectChanges(Play.java:560)
	at play.Invoker$Invocation.init(Invoker.java:186)
	at play.jobs.Job.call(Job.java:143)
	at Invocation.Job(Play!)
18 Jul 2011 20:35:23,026 ERROR ~ 

@675pi5104
Error during job execution (jobs.CheckPulses)

Compilation error (In /test/NotificationTests.java around line 169)
The file /test/NotificationTests.java could not be compiled. Error raised is : The method getJson() is undefined for the type Http.Response

play.exceptions.CompilationException: The method getJson() is undefined for the type Http.Response
	at play.classloading.ApplicationCompiler$2.acceptResult(ApplicationCompiler.java:246)
	at org.eclipse.jdt.internal.compiler.Compiler.handleInternalException(Compiler.java:672)
	at org.eclipse.jdt.internal.compiler.Compiler.compile(Compiler.java:516)
	at play.classloading.ApplicationCompiler.compile(ApplicationCompiler.java:278)
	at play.classloading.ApplicationClasses$ApplicationClass.compile(ApplicationClasses.java:249)
	at play.classloading.ApplicationClassloader.detectChanges(ApplicationClassloader.java:304)
	at play.Play.detectChanges(Play.java:560)
	at play.Invoker$Invocation.init(Invoker.java:186)
	at play.jobs.Job.call(Job.java:143)
	at Invocation.Job(Play!)
18 Jul 2011 20:35:23,055 ERROR ~ 

@675pi5105
Error during job execution (jobs.CheckPowers)

Compilation error (In /test/NotificationTests.java around line 169)
The file /test/NotificationTests.java could not be compiled. Error raised is : The method getJson() is undefined for the type Http.Response

play.exceptions.CompilationException: The method getJson() is undefined for the type Http.Response
	at play.classloading.ApplicationCompiler$2.acceptResult(ApplicationCompiler.java:246)
	at org.eclipse.jdt.internal.compiler.Compiler.handleInternalException(Compiler.java:672)
	at org.eclipse.jdt.internal.compiler.Compiler.compile(Compiler.java:516)
	at play.classloading.ApplicationCompiler.compile(ApplicationCompiler.java:278)
	at play.classloading.ApplicationClasses$ApplicationClass.compile(ApplicationClasses.java:249)
	at play.classloading.ApplicationClassloader.detectChanges(ApplicationClassloader.java:304)
	at play.Play.detectChanges(Play.java:560)
	at play.Invoker$Invocation.init(Invoker.java:186)
	at play.jobs.Job.call(Job.java:143)
	at Invocation.Job(Play!)
18 Jul 2011 20:35:28,055 ERROR ~ 

@675pi5106
Error during job execution (jobs.CheckPulses)

Compilation error (In /test/NotificationTests.java around line 169)
The file /test/NotificationTests.java could not be compiled. Error raised is : The method getJson() is undefined for the type Http.Response

play.exceptions.CompilationException: The method getJson() is undefined for the type Http.Response
	at play.classloading.ApplicationCompiler$2.acceptResult(ApplicationCompiler.java:246)
	at org.eclipse.jdt.internal.compiler.Compiler.handleInternalException(Compiler.java:672)
	at org.eclipse.jdt.internal.compiler.Compiler.compile(Compiler.java:516)
	at play.classloading.ApplicationCompiler.compile(ApplicationCompiler.java:278)
	at play.classloading.ApplicationClasses$ApplicationClass.compile(ApplicationClasses.java:249)
	at play.classloading.ApplicationClassloader.detectChanges(ApplicationClassloader.java:304)
	at play.Play.detectChanges(Play.java:560)
	at play.Invoker$Invocation.init(Invoker.java:186)
	at play.jobs.Job.call(Job.java:143)
	at Invocation.Job(Play!)
18 Jul 2011 20:35:28,082 ERROR ~ 

@675pi5107
Error during job execution (jobs.CheckPowers)

Compilation error (In /test/NotificationTests.java around line 169)
The file /test/NotificationTests.java could not be compiled. Error raised is : The method getJson() is undefined for the type Http.Response

play.exceptions.CompilationException: The method getJson() is undefined for the type Http.Response
	at play.classloading.ApplicationCompiler$2.acceptResult(ApplicationCompiler.java:246)
	at org.eclipse.jdt.internal.compiler.Compiler.handleInternalException(Compiler.java:672)
	at org.eclipse.jdt.internal.compiler.Compiler.compile(Compiler.java:516)
	at play.classloading.ApplicationCompiler.compile(ApplicationCompiler.java:278)
	at play.classloading.ApplicationClasses$ApplicationClass.compile(ApplicationClasses.java:249)
	at play.classloading.ApplicationClassloader.detectChanges(ApplicationClassloader.java:304)
	at play.Play.detectChanges(Play.java:560)
	at play.Invoker$Invocation.init(Invoker.java:186)
	at play.jobs.Job.call(Job.java:143)
	at Invocation.Job(Play!)
18 Jul 2011 20:35:33,084 ERROR ~ 

@675pi5108
Error during job execution (jobs.CheckPulses)

Compilation error (In /test/NotificationTests.java around line 169)
The file /test/NotificationTests.java could not be compiled. Error raised is : The method getJson() is undefined for the type Http.Response

play.exceptions.CompilationException: The method getJson() is undefined for the type Http.Response
	at play.classloading.ApplicationCompiler$2.acceptResult(ApplicationCompiler.java:246)
	at org.eclipse.jdt.internal.compiler.Compiler.handleInternalException(Compiler.java:672)
	at org.eclipse.jdt.internal.compiler.Compiler.compile(Compiler.java:516)
	at play.classloading.ApplicationCompiler.compile(ApplicationCompiler.java:278)
	at play.classloading.ApplicationClasses$ApplicationClass.compile(ApplicationClasses.java:249)
	at play.classloading.ApplicationClassloader.detectChanges(ApplicationClassloader.java:304)
	at play.Play.detectChanges(Play.java:560)
	at play.Invoker$Invocation.init(Invoker.java:186)
	at play.jobs.Job.call(Job.java:143)
	at Invocation.Job(Play!)
18 Jul 2011 20:35:33,111 ERROR ~ 

@675pi5109
Error during job execution (jobs.CheckPowers)

Compilation error (In /test/NotificationTests.java around line 169)
The file /test/NotificationTests.java could not be compiled. Error raised is : The method getJson() is undefined for the type Http.Response

play.exceptions.CompilationException: The method getJson() is undefined for the type Http.Response
	at play.classloading.ApplicationCompiler$2.acceptResult(ApplicationCompiler.java:246)
	at org.eclipse.jdt.internal.compiler.Compiler.handleInternalException(Compiler.java:672)
	at org.eclipse.jdt.internal.compiler.Compiler.compile(Compiler.java:516)
	at play.classloading.ApplicationCompiler.compile(ApplicationCompiler.java:278)
	at play.classloading.ApplicationClasses$ApplicationClass.compile(ApplicationClasses.java:249)
	at play.classloading.ApplicationClassloader.detectChanges(ApplicationClassloader.java:304)
	at play.Play.detectChanges(Play.java:560)
	at play.Invoker$Invocation.init(Invoker.java:186)
	at play.jobs.Job.call(Job.java:143)
	at Invocation.Job(Play!)
18 Jul 2011 20:35:38,112 ERROR ~ 

@675pi510a
Error during job execution (jobs.CheckPulses)

Compilation error (In /test/NotificationTests.java around line 169)
The file /test/NotificationTests.java could not be compiled. Error raised is : The method getJson() is undefined for the type Http.Response

play.exceptions.CompilationException: The method getJson() is undefined for the type Http.Response
	at play.classloading.ApplicationCompiler$2.acceptResult(ApplicationCompiler.java:246)
	at org.eclipse.jdt.internal.compiler.Compiler.handleInternalException(Compiler.java:672)
	at org.eclipse.jdt.internal.compiler.Compiler.compile(Compiler.java:516)
	at play.classloading.ApplicationCompiler.compile(ApplicationCompiler.java:278)
	at play.classloading.ApplicationClasses$ApplicationClass.compile(ApplicationClasses.java:249)
	at play.classloading.ApplicationClassloader.detectChanges(ApplicationClassloader.java:304)
	at play.Play.detectChanges(Play.java:560)
	at play.Invoker$Invocation.init(Invoker.java:186)
	at play.jobs.Job.call(Job.java:143)
	at Invocation.Job(Play!)
18 Jul 2011 20:35:38,139 ERROR ~ 

@675pi510b
Error during job execution (jobs.CheckPowers)

Compilation error (In /test/NotificationTests.java around line 169)
The file /test/NotificationTests.java could not be compiled. Error raised is : The method getJson() is undefined for the type Http.Response

play.exceptions.CompilationException: The method getJson() is undefined for the type Http.Response
	at play.classloading.ApplicationCompiler$2.acceptResult(ApplicationCompiler.java:246)
	at org.eclipse.jdt.internal.compiler.Compiler.handleInternalException(Compiler.java:672)
	at org.eclipse.jdt.internal.compiler.Compiler.compile(Compiler.java:516)
	at play.classloading.ApplicationCompiler.compile(ApplicationCompiler.java:278)
	at play.classloading.ApplicationClasses$ApplicationClass.compile(ApplicationClasses.java:249)
	at play.classloading.ApplicationClassloader.detectChanges(ApplicationClassloader.java:304)
	at play.Play.detectChanges(Play.java:560)
	at play.Invoker$Invocation.init(Invoker.java:186)
	at play.jobs.Job.call(Job.java:143)
	at Invocation.Job(Play!)
18 Jul 2011 20:35:43,141 ERROR ~ 

@675pi510c
Error during job execution (jobs.CheckPulses)

Compilation error (In /test/NotificationTests.java around line 169)
The file /test/NotificationTests.java could not be compiled. Error raised is : The method getJson() is undefined for the type Http.Response

play.exceptions.CompilationException: The method getJson() is undefined for the type Http.Response
	at play.classloading.ApplicationCompiler$2.acceptResult(ApplicationCompiler.java:246)
	at org.eclipse.jdt.internal.compiler.Compiler.handleInternalException(Compiler.java:672)
	at org.eclipse.jdt.internal.compiler.Compiler.compile(Compiler.java:516)
	at play.classloading.ApplicationCompiler.compile(ApplicationCompiler.java:278)
	at play.classloading.ApplicationClasses$ApplicationClass.compile(ApplicationClasses.java:249)
	at play.classloading.ApplicationClassloader.detectChanges(ApplicationClassloader.java:304)
	at play.Play.detectChanges(Play.java:560)
	at play.Invoker$Invocation.init(Invoker.java:186)
	at play.jobs.Job.call(Job.java:143)
	at Invocation.Job(Play!)
18 Jul 2011 20:35:43,169 ERROR ~ 

@675pi510d
Error during job execution (jobs.CheckPowers)

Compilation error (In /test/NotificationTests.java around line 169)
The file /test/NotificationTests.java could not be compiled. Error raised is : The method getJson() is undefined for the type Http.Response

play.exceptions.CompilationException: The method getJson() is undefined for the type Http.Response
	at play.classloading.ApplicationCompiler$2.acceptResult(ApplicationCompiler.java:246)
	at org.eclipse.jdt.internal.compiler.Compiler.handleInternalException(Compiler.java:672)
	at org.eclipse.jdt.internal.compiler.Compiler.compile(Compiler.java:516)
	at play.classloading.ApplicationCompiler.compile(ApplicationCompiler.java:278)
	at play.classloading.ApplicationClasses$ApplicationClass.compile(ApplicationClasses.java:249)
	at play.classloading.ApplicationClassloader.detectChanges(ApplicationClassloader.java:304)
	at play.Play.detectChanges(Play.java:560)
	at play.Invoker$Invocation.init(Invoker.java:186)
	at play.jobs.Job.call(Job.java:143)
	at Invocation.Job(Play!)
18 Jul 2011 20:35:48,168 ERROR ~ 

@675pi510e
Error during job execution (jobs.CheckPulses)

Compilation error (In /test/NotificationTests.java around line 169)
The file /test/NotificationTests.java could not be compiled. Error raised is : The method getJson() is undefined for the type Http.Response

play.exceptions.CompilationException: The method getJson() is undefined for the type Http.Response
	at play.classloading.ApplicationCompiler$2.acceptResult(ApplicationCompiler.java:246)
	at org.eclipse.jdt.internal.compiler.Compiler.handleInternalException(Compiler.java:672)
	at org.eclipse.jdt.internal.compiler.Compiler.compile(Compiler.java:516)
	at play.classloading.ApplicationCompiler.compile(ApplicationCompiler.java:278)
	at play.classloading.ApplicationClasses$ApplicationClass.compile(ApplicationClasses.java:249)
	at play.classloading.ApplicationClassloader.detectChanges(ApplicationClassloader.java:304)
	at play.Play.detectChanges(Play.java:560)
	at play.Invoker$Invocation.init(Invoker.java:186)
	at play.jobs.Job.call(Job.java:143)
	at Invocation.Job(Play!)
18 Jul 2011 20:35:48,198 ERROR ~ 

@675pi510f
Error during job execution (jobs.CheckPowers)

Compilation error (In /test/NotificationTests.java around line 169)
The file /test/NotificationTests.java could not be compiled. Error raised is : The method getJson() is undefined for the type Http.Response

play.exceptions.CompilationException: The method getJson() is undefined for the type Http.Response
	at play.classloading.ApplicationCompiler$2.acceptResult(ApplicationCompiler.java:246)
	at org.eclipse.jdt.internal.compiler.Compiler.handleInternalException(Compiler.java:672)
	at org.eclipse.jdt.internal.compiler.Compiler.compile(Compiler.java:516)
	at play.classloading.ApplicationCompiler.compile(ApplicationCompiler.java:278)
	at play.classloading.ApplicationClasses$ApplicationClass.compile(ApplicationClasses.java:249)
	at play.classloading.ApplicationClassloader.detectChanges(ApplicationClassloader.java:304)
	at play.Play.detectChanges(Play.java:560)
	at play.Invoker$Invocation.init(Invoker.java:186)
	at play.jobs.Job.call(Job.java:143)
	at Invocation.Job(Play!)
18 Jul 2011 20:35:53,205 ERROR ~ 

@675pi510g
Error during job execution (jobs.CheckPulses)

Compilation error (In /test/NotificationTests.java around line 169)
The file /test/NotificationTests.java could not be compiled. Error raised is : Syntax error, insert ";" to complete LocalVariableDeclarationStatement

play.exceptions.CompilationException: Syntax error, insert ";" to complete LocalVariableDeclarationStatement
	at play.classloading.ApplicationCompiler$2.acceptResult(ApplicationCompiler.java:246)
	at org.eclipse.jdt.internal.compiler.Compiler.compile(Compiler.java:474)
	at play.classloading.ApplicationCompiler.compile(ApplicationCompiler.java:278)
	at play.classloading.ApplicationClasses$ApplicationClass.compile(ApplicationClasses.java:249)
	at play.classloading.ApplicationClassloader.detectChanges(ApplicationClassloader.java:304)
	at play.Play.detectChanges(Play.java:560)
	at play.Invoker$Invocation.init(Invoker.java:186)
	at play.jobs.Job.call(Job.java:143)
	at Invocation.Job(Play!)
18 Jul 2011 20:35:53,225 ERROR ~ 

@675pi510h
Error during job execution (jobs.CheckPowers)

Compilation error (In /test/NotificationTests.java around line 169)
The file /test/NotificationTests.java could not be compiled. Error raised is : Syntax error, insert ";" to complete LocalVariableDeclarationStatement

play.exceptions.CompilationException: Syntax error, insert ";" to complete LocalVariableDeclarationStatement
	at play.classloading.ApplicationCompiler$2.acceptResult(ApplicationCompiler.java:246)
	at org.eclipse.jdt.internal.compiler.Compiler.compile(Compiler.java:474)
	at play.classloading.ApplicationCompiler.compile(ApplicationCompiler.java:278)
	at play.classloading.ApplicationClasses$ApplicationClass.compile(ApplicationClasses.java:249)
	at play.classloading.ApplicationClassloader.detectChanges(ApplicationClassloader.java:304)
	at play.Play.detectChanges(Play.java:560)
	at play.Invoker$Invocation.init(Invoker.java:186)
	at play.jobs.Job.call(Job.java:143)
	at Invocation.Job(Play!)
18 Jul 2011 20:35:58,233 ERROR ~ 

@675pi510i
Error during job execution (jobs.CheckPulses)

Compilation error (In /test/NotificationTests.java around line 169)
The file /test/NotificationTests.java could not be compiled. Error raised is : jsonStr cannot be resolved to a variable

play.exceptions.CompilationException: jsonStr cannot be resolved to a variable
	at play.classloading.ApplicationCompiler$2.acceptResult(ApplicationCompiler.java:246)
	at org.eclipse.jdt.internal.compiler.Compiler.handleInternalException(Compiler.java:672)
	at org.eclipse.jdt.internal.compiler.Compiler.compile(Compiler.java:516)
	at play.classloading.ApplicationCompiler.compile(ApplicationCompiler.java:278)
	at play.classloading.ApplicationClasses$ApplicationClass.compile(ApplicationClasses.java:249)
	at play.classloading.ApplicationClassloader.detectChanges(ApplicationClassloader.java:304)
	at play.Play.detectChanges(Play.java:560)
	at play.Invoker$Invocation.init(Invoker.java:186)
	at play.jobs.Job.call(Job.java:143)
	at Invocation.Job(Play!)
18 Jul 2011 20:35:58,263 ERROR ~ 

@675pi510j
Error during job execution (jobs.CheckPowers)

Compilation error (In /test/NotificationTests.java around line 169)
The file /test/NotificationTests.java could not be compiled. Error raised is : jsonStr cannot be resolved to a variable

play.exceptions.CompilationException: jsonStr cannot be resolved to a variable
	at play.classloading.ApplicationCompiler$2.acceptResult(ApplicationCompiler.java:246)
	at org.eclipse.jdt.internal.compiler.Compiler.handleInternalException(Compiler.java:672)
	at org.eclipse.jdt.internal.compiler.Compiler.compile(Compiler.java:516)
	at play.classloading.ApplicationCompiler.compile(ApplicationCompiler.java:278)
	at play.classloading.ApplicationClasses$ApplicationClass.compile(ApplicationClasses.java:249)
	at play.classloading.ApplicationClassloader.detectChanges(ApplicationClassloader.java:304)
	at play.Play.detectChanges(Play.java:560)
	at play.Invoker$Invocation.init(Invoker.java:186)
	at play.jobs.Job.call(Job.java:143)
	at Invocation.Job(Play!)
18 Jul 2011 20:36:03,017 ERROR ~ 

@675pi510k
Internal Server Error (500) for request GET /@tests?select=NotificationTests.class

Compilation error (In /test/NotificationTests.java around line 169)
The file /test/NotificationTests.java could not be compiled. Error raised is : Type mismatch: cannot convert from JsonArray to JsonObject

play.exceptions.CompilationException: Type mismatch: cannot convert from JsonArray to JsonObject
	at play.classloading.ApplicationCompiler$2.acceptResult(ApplicationCompiler.java:246)
	at org.eclipse.jdt.internal.compiler.Compiler.handleInternalException(Compiler.java:672)
	at org.eclipse.jdt.internal.compiler.Compiler.compile(Compiler.java:516)
	at play.classloading.ApplicationCompiler.compile(ApplicationCompiler.java:278)
	at play.classloading.ApplicationClasses$ApplicationClass.compile(ApplicationClasses.java:249)
	at play.classloading.ApplicationClassloader.detectChanges(ApplicationClassloader.java:304)
	at play.Play.detectChanges(Play.java:560)
	at play.Invoker$Invocation.init(Invoker.java:186)
	at Invocation.HTTP Request(Play!)
18 Jul 2011 20:36:03,265 ERROR ~ 

@675pi510l
Error during job execution (jobs.CheckPulses)

Compilation error (In /test/NotificationTests.java around line 169)
The file /test/NotificationTests.java could not be compiled. Error raised is : Type mismatch: cannot convert from JsonArray to JsonObject

play.exceptions.CompilationException: Type mismatch: cannot convert from JsonArray to JsonObject
	at play.classloading.ApplicationCompiler$2.acceptResult(ApplicationCompiler.java:246)
	at org.eclipse.jdt.internal.compiler.Compiler.handleInternalException(Compiler.java:672)
	at org.eclipse.jdt.internal.compiler.Compiler.compile(Compiler.java:516)
	at play.classloading.ApplicationCompiler.compile(ApplicationCompiler.java:278)
	at play.classloading.ApplicationClasses$ApplicationClass.compile(ApplicationClasses.java:249)
	at play.classloading.ApplicationClassloader.detectChanges(ApplicationClassloader.java:304)
	at play.Play.detectChanges(Play.java:560)
	at play.Invoker$Invocation.init(Invoker.java:186)
	at play.jobs.Job.call(Job.java:143)
	at Invocation.Job(Play!)
18 Jul 2011 20:36:03,294 ERROR ~ 

@675pi510m
Error during job execution (jobs.CheckPowers)

Compilation error (In /test/NotificationTests.java around line 169)
The file /test/NotificationTests.java could not be compiled. Error raised is : Type mismatch: cannot convert from JsonArray to JsonObject

play.exceptions.CompilationException: Type mismatch: cannot convert from JsonArray to JsonObject
	at play.classloading.ApplicationCompiler$2.acceptResult(ApplicationCompiler.java:246)
	at org.eclipse.jdt.internal.compiler.Compiler.handleInternalException(Compiler.java:672)
	at org.eclipse.jdt.internal.compiler.Compiler.compile(Compiler.java:516)
	at play.classloading.ApplicationCompiler.compile(ApplicationCompiler.java:278)
	at play.classloading.ApplicationClasses$ApplicationClass.compile(ApplicationClasses.java:249)
	at play.classloading.ApplicationClassloader.detectChanges(ApplicationClassloader.java:304)
	at play.Play.detectChanges(Play.java:560)
	at play.Invoker$Invocation.init(Invoker.java:186)
	at play.jobs.Job.call(Job.java:143)
	at Invocation.Job(Play!)
18 Jul 2011 20:36:08,299 ERROR ~ 

@675pi510n
Error during job execution (jobs.CheckPulses)

Compilation error (In /test/NotificationTests.java around line 169)
The file /test/NotificationTests.java could not be compiled. Error raised is : Type mismatch: cannot convert from JsonArray to JsonObject

play.exceptions.CompilationException: Type mismatch: cannot convert from JsonArray to JsonObject
	at play.classloading.ApplicationCompiler$2.acceptResult(ApplicationCompiler.java:246)
	at org.eclipse.jdt.internal.compiler.Compiler.handleInternalException(Compiler.java:672)
	at org.eclipse.jdt.internal.compiler.Compiler.compile(Compiler.java:516)
	at play.classloading.ApplicationCompiler.compile(ApplicationCompiler.java:278)
	at play.classloading.ApplicationClasses$ApplicationClass.compile(ApplicationClasses.java:249)
	at play.classloading.ApplicationClassloader.detectChanges(ApplicationClassloader.java:304)
	at play.Play.detectChanges(Play.java:560)
	at play.Invoker$Invocation.init(Invoker.java:186)
	at play.jobs.Job.call(Job.java:143)
	at Invocation.Job(Play!)
18 Jul 2011 20:36:08,328 ERROR ~ 

@675pi510o
Error during job execution (jobs.CheckPowers)

Compilation error (In /test/NotificationTests.java around line 169)
The file /test/NotificationTests.java could not be compiled. Error raised is : Type mismatch: cannot convert from JsonArray to JsonObject

play.exceptions.CompilationException: Type mismatch: cannot convert from JsonArray to JsonObject
	at play.classloading.ApplicationCompiler$2.acceptResult(ApplicationCompiler.java:246)
	at org.eclipse.jdt.internal.compiler.Compiler.handleInternalException(Compiler.java:672)
	at org.eclipse.jdt.internal.compiler.Compiler.compile(Compiler.java:516)
	at play.classloading.ApplicationCompiler.compile(ApplicationCompiler.java:278)
	at play.classloading.ApplicationClasses$ApplicationClass.compile(ApplicationClasses.java:249)
	at play.classloading.ApplicationClassloader.detectChanges(ApplicationClassloader.java:304)
	at play.Play.detectChanges(Play.java:560)
	at play.Invoker$Invocation.init(Invoker.java:186)
	at play.jobs.Job.call(Job.java:143)
	at Invocation.Job(Play!)
18 Jul 2011 20:36:14,534 INFO  ~ finished bootstrapping development server; ischat = true, ismaster = true
18 Jul 2011 20:36:34,565 ERROR ~ 

@675pi510p
Error during job execution (jobs.CheckPulses)

Compilation error (In /test/NotificationTests.java around line 170)
The file /test/NotificationTests.java could not be compiled. Error raised is : String literal is not properly closed by a double-quote

play.exceptions.CompilationException: String literal is not properly closed by a double-quote
	at play.classloading.ApplicationCompiler$2.acceptResult(ApplicationCompiler.java:246)
	at org.eclipse.jdt.internal.compiler.Compiler.compile(Compiler.java:474)
	at play.classloading.ApplicationCompiler.compile(ApplicationCompiler.java:278)
	at play.classloading.ApplicationClasses$ApplicationClass.compile(ApplicationClasses.java:249)
	at play.classloading.ApplicationClassloader.detectChanges(ApplicationClassloader.java:304)
	at play.Play.detectChanges(Play.java:560)
	at play.Invoker$Invocation.init(Invoker.java:186)
	at play.jobs.Job.call(Job.java:143)
	at Invocation.Job(Play!)
18 Jul 2011 20:36:34,580 ERROR ~ 

@675pi5110
Error during job execution (jobs.CheckPowers)

Compilation error (In /test/NotificationTests.java around line 170)
The file /test/NotificationTests.java could not be compiled. Error raised is : String literal is not properly closed by a double-quote

play.exceptions.CompilationException: String literal is not properly closed by a double-quote
	at play.classloading.ApplicationCompiler$2.acceptResult(ApplicationCompiler.java:246)
	at org.eclipse.jdt.internal.compiler.Compiler.compile(Compiler.java:474)
	at play.classloading.ApplicationCompiler.compile(ApplicationCompiler.java:278)
	at play.classloading.ApplicationClasses$ApplicationClass.compile(ApplicationClasses.java:249)
	at play.classloading.ApplicationClassloader.detectChanges(ApplicationClassloader.java:304)
	at play.Play.detectChanges(Play.java:560)
	at play.Invoker$Invocation.init(Invoker.java:186)
	at play.jobs.Job.call(Job.java:143)
	at Invocation.Job(Play!)
18 Jul 2011 20:36:35,278 ERROR ~ 

@675pi5111
Internal Server Error (500) for request GET /@tests/init

Compilation error (In /test/NotificationTests.java around line 170)
The file /test/NotificationTests.java could not be compiled. Error raised is : String literal is not properly closed by a double-quote

play.exceptions.CompilationException: String literal is not properly closed by a double-quote
	at play.classloading.ApplicationCompiler$2.acceptResult(ApplicationCompiler.java:246)
	at org.eclipse.jdt.internal.compiler.Compiler.compile(Compiler.java:474)
	at play.classloading.ApplicationCompiler.compile(ApplicationCompiler.java:278)
	at play.classloading.ApplicationClasses$ApplicationClass.compile(ApplicationClasses.java:249)
	at play.classloading.ApplicationClassloader.detectChanges(ApplicationClassloader.java:304)
	at play.Play.detectChanges(Play.java:560)
	at play.Invoker$Invocation.init(Invoker.java:186)
	at Invocation.HTTP Request(Play!)
18 Jul 2011 20:36:35,352 ERROR ~ 

@675pi5112
Internal Server Error (500) for request GET /@tests?select=NotificationTests.class

Compilation error (In /test/NotificationTests.java around line 170)
The file /test/NotificationTests.java could not be compiled. Error raised is : String literal is not properly closed by a double-quote

play.exceptions.CompilationException: String literal is not properly closed by a double-quote
	at play.classloading.ApplicationCompiler$2.acceptResult(ApplicationCompiler.java:246)
	at org.eclipse.jdt.internal.compiler.Compiler.compile(Compiler.java:474)
	at play.classloading.ApplicationCompiler.compile(ApplicationCompiler.java:278)
	at play.classloading.ApplicationClasses$ApplicationClass.compile(ApplicationClasses.java:249)
	at play.classloading.ApplicationClassloader.detectChanges(ApplicationClassloader.java:304)
	at play.Play.detectChanges(Play.java:560)
	at play.Invoker$Invocation.init(Invoker.java:186)
	at Invocation.HTTP Request(Play!)
18 Jul 2011 20:36:35,378 ERROR ~ 

@675pi5113
Internal Server Error (500) for request GET /@tests/end?result=passed

Compilation error (In /test/NotificationTests.java around line 170)
The file /test/NotificationTests.java could not be compiled. Error raised is : String literal is not properly closed by a double-quote

play.exceptions.CompilationException: String literal is not properly closed by a double-quote
	at play.classloading.ApplicationCompiler$2.acceptResult(ApplicationCompiler.java:246)
	at org.eclipse.jdt.internal.compiler.Compiler.compile(Compiler.java:474)
	at play.classloading.ApplicationCompiler.compile(ApplicationCompiler.java:278)
	at play.classloading.ApplicationClasses$ApplicationClass.compile(ApplicationClasses.java:249)
	at play.classloading.ApplicationClassloader.detectChanges(ApplicationClassloader.java:304)
	at play.Play.detectChanges(Play.java:560)
	at play.Invoker$Invocation.init(Invoker.java:186)
	at Invocation.HTTP Request(Play!)
18 Jul 2011 20:36:39,578 ERROR ~ 

@675pi5114
Error during job execution (jobs.CheckPulses)

Compilation error (In /test/NotificationTests.java around line 170)
The file /test/NotificationTests.java could not be compiled. Error raised is : String literal is not properly closed by a double-quote

play.exceptions.CompilationException: String literal is not properly closed by a double-quote
	at play.classloading.ApplicationCompiler$2.acceptResult(ApplicationCompiler.java:246)
	at org.eclipse.jdt.internal.compiler.Compiler.compile(Compiler.java:474)
	at play.classloading.ApplicationCompiler.compile(ApplicationCompiler.java:278)
	at play.classloading.ApplicationClasses$ApplicationClass.compile(ApplicationClasses.java:249)
	at play.classloading.ApplicationClassloader.detectChanges(ApplicationClassloader.java:304)
	at play.Play.detectChanges(Play.java:560)
	at play.Invoker$Invocation.init(Invoker.java:186)
	at play.jobs.Job.call(Job.java:143)
	at Invocation.Job(Play!)
18 Jul 2011 20:36:39,596 ERROR ~ 

@675pi5115
Error during job execution (jobs.CheckPowers)

Compilation error (In /test/NotificationTests.java around line 170)
The file /test/NotificationTests.java could not be compiled. Error raised is : String literal is not properly closed by a double-quote

play.exceptions.CompilationException: String literal is not properly closed by a double-quote
	at play.classloading.ApplicationCompiler$2.acceptResult(ApplicationCompiler.java:246)
	at org.eclipse.jdt.internal.compiler.Compiler.compile(Compiler.java:474)
	at play.classloading.ApplicationCompiler.compile(ApplicationCompiler.java:278)
	at play.classloading.ApplicationClasses$ApplicationClass.compile(ApplicationClasses.java:249)
	at play.classloading.ApplicationClassloader.detectChanges(ApplicationClassloader.java:304)
	at play.Play.detectChanges(Play.java:560)
	at play.Invoker$Invocation.init(Invoker.java:186)
	at play.jobs.Job.call(Job.java:143)
	at Invocation.Job(Play!)
18 Jul 2011 20:37:42,489 INFO  ~ finished bootstrapping development server; ischat = true, ismaster = true
18 Jul 2011 20:37:42,498 ERROR ~ 

@675pi5116
Error during job execution (jobs.CheckPowers)

Execution exception (In /app/jobs/CheckPowers.java around line 30)
ClassCastException occured : models.Server cannot be cast to models.Server

play.exceptions.JavaExecutionException: models.Server cannot be cast to models.Server
	at play.jobs.Job.call(Job.java:166)
	at Invocation.Job(Play!)
Caused by: java.lang.ClassCastException: models.Server cannot be cast to models.Server
	at jobs.CheckPowers.doJob(CheckPowers.java:30)
	at play.jobs.Job.doJobWithResult(Job.java:55)
	at play.jobs.Job.call(Job.java:157)
	... 1 more
18 Jul 2011 20:39:03,763 INFO  ~ finished bootstrapping development server; ischat = true, ismaster = true
18 Jul 2011 20:39:07,138 ERROR ~ Failed to log in 100002292928724 ( {"error":{"type":"OAuthException","message":"Invalid OAuth access token."}} )
18 Jul 2011 20:39:13,777 INFO  ~ broadcast leave room, 1 from 8
18 Jul 2011 20:39:13,780 INFO  ~ broadcast leave room, 2 from 1
18 Jul 2011 20:39:13,781 INFO  ~ broadcast leave room, 1 from 1
18 Jul 2011 20:39:13,782 INFO  ~ broadcast leave room, 4 from 7
18 Jul 2011 20:39:13,784 INFO  ~ broadcast leave room, 4 from 2
18 Jul 2011 20:39:13,785 INFO  ~ broadcast leave room, 5 from 6
18 Jul 2011 20:39:13,786 INFO  ~ broadcast leave room, 5 from 8
18 Jul 2011 20:39:18,798 INFO  ~ broadcast leave room, 1 from 6
18 Jul 2011 20:39:18,800 INFO  ~ broadcast leave room, 1 from 3
18 Jul 2011 20:39:18,801 INFO  ~ broadcast leave room, 4 from 4
18 Jul 2011 20:39:18,802 INFO  ~ broadcast leave room, 2 from 6
18 Jul 2011 20:39:18,803 INFO  ~ broadcast leave room, 2 from 3
18 Jul 2011 20:39:18,803 INFO  ~ broadcast leave room, 2 from 2
18 Jul 2011 20:39:18,804 INFO  ~ broadcast leave room, 1 from 4
18 Jul 2011 20:39:18,804 INFO  ~ broadcast leave room, 1 from 2
18 Jul 2011 20:39:18,805 INFO  ~ broadcast leave room, 5 from 5
18 Jul 2011 20:39:18,806 INFO  ~ broadcast leave room, 2 from 5
18 Jul 2011 20:39:28,823 INFO  ~ broadcast leave room, 1 from 7
18 Jul 2011 20:39:28,824 INFO  ~ broadcast leave room, 2 from 7
18 Jul 2011 20:39:43,842 INFO  ~ broadcast leave room, 1 from 14
18 Jul 2011 20:40:16,700 INFO  ~ finished bootstrapping development server; ischat = true, ismaster = true
18 Jul 2011 20:40:16,706 ERROR ~ 

@675pi5117
Error during job execution (jobs.CheckPowers)

Execution exception (In /app/jobs/CheckPowers.java around line 30)
ClassCastException occured : models.Server cannot be cast to models.Server

play.exceptions.JavaExecutionException: models.Server cannot be cast to models.Server
	at play.jobs.Job.call(Job.java:166)
	at Invocation.Job(Play!)
Caused by: java.lang.ClassCastException: models.Server cannot be cast to models.Server
	at jobs.CheckPowers.doJob(CheckPowers.java:30)
	at play.jobs.Job.doJobWithResult(Job.java:55)
	at play.jobs.Job.call(Job.java:157)
	... 1 more
